`torch_dtype` is deprecated! Use `dtype` instead!
Loading checkpoint shards:   0%|          | 0/2 [00:00<?, ?it/s]Loading checkpoint shards:  50%|█████     | 1/2 [00:00<00:00,  1.80it/s]Loading checkpoint shards: 100%|██████████| 2/2 [00:00<00:00,  2.40it/s]Loading checkpoint shards: 100%|██████████| 2/2 [00:00<00:00,  2.29it/s]
The following generation flags are not valid and may be ignored: ['temperature', 'top_p', 'top_k']. Set `TRANSFORMERS_VERBOSITY=info` for more details.
holdout cap=32 prompt=default base exact=0.0898 cap_hit=0.0000 malformed=0.0000
holdout cap=32 prompt=default elite_0 exact=0.1055 cap_hit=0.0625 malformed=0.0469
holdout cap=32 prompt=default elite_1 exact=0.0703 cap_hit=0.1328 malformed=0.1484
holdout cap=32 prompt=default elite_2 exact=0.0469 cap_hit=0.1914 malformed=0.1289
holdout cap=32 prompt=default elite_3 exact=0.0625 cap_hit=0.0508 malformed=0.1953
holdout cap=32 prompt=reordered base exact=0.0586 cap_hit=0.0000 malformed=0.0000
holdout cap=32 prompt=reordered elite_0 exact=0.0703 cap_hit=0.0469 malformed=0.3242
holdout cap=32 prompt=reordered elite_1 exact=0.0000 cap_hit=0.4883 malformed=0.9961
holdout cap=32 prompt=reordered elite_2 exact=0.0430 cap_hit=0.1719 malformed=0.2461
holdout cap=32 prompt=reordered elite_3 exact=0.0000 cap_hit=0.6680 malformed=0.9531
holdout cap=32 prompt=xml base exact=0.0547 cap_hit=0.0117 malformed=0.2695
holdout cap=32 prompt=xml elite_0 exact=0.0625 cap_hit=0.8750 malformed=0.1680
holdout cap=32 prompt=xml elite_1 exact=0.0547 cap_hit=0.6211 malformed=0.0625
holdout cap=32 prompt=xml elite_2 exact=0.0156 cap_hit=0.2461 malformed=0.4727
holdout cap=32 prompt=xml elite_3 exact=0.0000 cap_hit=0.2930 malformed=0.9844
holdout cap=64 prompt=default base exact=0.0898 cap_hit=0.0000 malformed=0.0000
holdout cap=64 prompt=default elite_0 exact=0.1055 cap_hit=0.0625 malformed=0.0469
holdout cap=64 prompt=default elite_1 exact=0.0703 cap_hit=0.1055 malformed=0.1484
holdout cap=64 prompt=default elite_2 exact=0.0469 cap_hit=0.1719 malformed=0.1289
holdout cap=64 prompt=default elite_3 exact=0.0625 cap_hit=0.0156 malformed=0.1953
holdout cap=64 prompt=reordered base exact=0.0586 cap_hit=0.0000 malformed=0.0000
holdout cap=64 prompt=reordered elite_0 exact=0.0703 cap_hit=0.0352 malformed=0.3242
holdout cap=64 prompt=reordered elite_1 exact=0.0000 cap_hit=0.2852 malformed=0.9961
holdout cap=64 prompt=reordered elite_2 exact=0.0430 cap_hit=0.1406 malformed=0.2461
holdout cap=64 prompt=reordered elite_3 exact=0.0000 cap_hit=0.5391 malformed=0.9531
holdout cap=64 prompt=xml base exact=0.0547 cap_hit=0.0078 malformed=0.2695
holdout cap=64 prompt=xml elite_0 exact=0.0625 cap_hit=0.8633 malformed=0.1562
holdout cap=64 prompt=xml elite_1 exact=0.0547 cap_hit=0.5898 malformed=0.0586
holdout cap=64 prompt=xml elite_2 exact=0.0156 cap_hit=0.0156 malformed=0.4688
holdout cap=64 prompt=xml elite_3 exact=0.0000 cap_hit=0.2695 malformed=0.9844
holdout cap=128 prompt=default base exact=0.0898 cap_hit=0.0000 malformed=0.0000
holdout cap=128 prompt=default elite_0 exact=0.1055 cap_hit=0.0547 malformed=0.0469
holdout cap=128 prompt=default elite_1 exact=0.0703 cap_hit=0.0938 malformed=0.1484
holdout cap=128 prompt=default elite_2 exact=0.0469 cap_hit=0.1211 malformed=0.1289
holdout cap=128 prompt=default elite_3 exact=0.0625 cap_hit=0.0156 malformed=0.1953
holdout cap=128 prompt=reordered base exact=0.0586 cap_hit=0.0000 malformed=0.0000
holdout cap=128 prompt=reordered elite_0 exact=0.0703 cap_hit=0.0352 malformed=0.3242
holdout cap=128 prompt=reordered elite_1 exact=0.0000 cap_hit=0.2383 malformed=0.9961
holdout cap=128 prompt=reordered elite_2 exact=0.0430 cap_hit=0.1250 malformed=0.2461
holdout cap=128 prompt=reordered elite_3 exact=0.0000 cap_hit=0.5000 malformed=0.9531
holdout cap=128 prompt=xml base exact=0.0547 cap_hit=0.0078 malformed=0.2695
holdout cap=128 prompt=xml elite_0 exact=0.0625 cap_hit=0.8242 malformed=0.1562
holdout cap=128 prompt=xml elite_1 exact=0.0547 cap_hit=0.5352 malformed=0.0586
holdout cap=128 prompt=xml elite_2 exact=0.0156 cap_hit=0.0156 malformed=0.4688
holdout cap=128 prompt=xml elite_3 exact=0.0000 cap_hit=0.2539 malformed=0.9844
Loading checkpoint shards:   0%|          | 0/2 [00:00<?, ?it/s]Loading checkpoint shards:  50%|█████     | 1/2 [00:00<00:00,  1.86it/s]Loading checkpoint shards: 100%|██████████| 2/2 [00:00<00:00,  2.47it/s]Loading checkpoint shards: 100%|██████████| 2/2 [00:00<00:00,  2.35it/s]
holdout cap=32 prompt=default aggregate exact=0.1406 cap_hit=0.2578 malformed=0.0195
holdout cap=32 prompt=reordered aggregate exact=0.0039 cap_hit=0.8203 malformed=0.9805
holdout cap=32 prompt=xml aggregate exact=0.0625 cap_hit=0.8555 malformed=0.2109
holdout cap=64 prompt=default aggregate exact=0.1406 cap_hit=0.2578 malformed=0.0195
holdout cap=64 prompt=reordered aggregate exact=0.0039 cap_hit=0.6133 malformed=0.9805
holdout cap=64 prompt=xml aggregate exact=0.0625 cap_hit=0.8203 malformed=0.2031
holdout cap=128 prompt=default aggregate exact=0.1406 cap_hit=0.2539 malformed=0.0195
holdout cap=128 prompt=reordered aggregate exact=0.0039 cap_hit=0.5312 malformed=0.9805
holdout cap=128 prompt=xml aggregate exact=0.0625 cap_hit=0.7695 malformed=0.2031
{
  "aggregate": {
    "aggregate_rank": 128,
    "base_rank": 32,
    "elites": [
      {
        "candidate": "factor_gaussian_lora:seed1838555499:s0.01:sign1",
        "score": 0.15625,
        "weight": 0.9805806756909202
      },
      {
        "candidate": "factor_gaussian_lora:seed765487669:s0.01:sign1",
        "score": 0.09375,
        "weight": 0.19611613513818404
      },
      {
        "candidate": "factor_gaussian_lora:seed239990546:s0.01:sign1",
        "score": 0.078125,
        "weight": 0.0
      },
      {
        "candidate": "factor_gaussian_lora:seed1109140247:s0.01:sign1",
        "score": 0.078125,
        "weight": 0.0
      }
    ],
    "modules": [
      {
        "in_features": 2048,
        "module": "base_model.model.model.layers.0.self_attn.q_proj",
        "out_features": 2048,
        "rank": 128
      },
      {
        "in_features": 2048,
        "module": "base_model.model.model.layers.0.self_attn.v_proj",
        "out_features": 256,
        "rank": 128
      },
      {
        "in_features": 2048,
        "module": "base_model.model.model.layers.1.self_attn.q_proj",
        "out_features": 2048,
        "rank": 128
      },
      {
        "in_features": 2048,
        "module": "base_model.model.model.layers.1.self_attn.v_proj",
        "out_features": 256,
        "rank": 128
      },
      {
        "in_features": 2048,
        "module": "base_model.model.model.layers.2.self_attn.q_proj",
        "out_features": 2048,
        "rank": 128
      },
      {
        "in_features": 2048,
        "module": "base_model.model.model.layers.2.self_attn.v_proj",
        "out_features": 256,
        "rank": 128
      },
      {
        "in_features": 2048,
        "module": "base_model.model.model.layers.3.self_attn.q_proj",
        "out_features": 2048,
        "rank": 128
      },
      {
        "in_features": 2048,
        "module": "base_model.model.model.layers.3.self_attn.v_proj",
        "out_features": 256,
        "rank": 128
      },
      {
        "in_features": 2048,
        "module": "base_model.model.model.layers.4.self_attn.q_proj",
        "out_features": 2048,
        "rank": 128
      },
      {
        "in_features": 2048,
        "module": "base_model.model.model.layers.4.self_attn.v_proj",
        "out_features": 256,
        "rank": 128
      },
      {
        "in_features": 2048,
        "module": "base_model.model.model.layers.5.self_attn.q_proj",
        "out_features": 2048,
        "rank": 128
      },
      {
        "in_features": 2048,
        "module": "base_model.model.model.layers.5.self_attn.v_proj",
        "out_features": 256,
        "rank": 128
      },
      {
        "in_features": 2048,
        "module": "base_model.model.model.layers.6.self_attn.q_proj",
        "out_features": 2048,
        "rank": 128
      },
      {
        "in_features": 2048,
        "module": "base_model.model.model.layers.6.self_attn.v_proj",
        "out_features": 256,
        "rank": 128
      },
      {
        "in_features": 2048,
        "module": "base_model.model.model.layers.7.self_attn.q_proj",
        "out_features": 2048,
        "rank": 128
      },
      {
        "in_features": 2048,
        "module": "base_model.model.model.layers.7.self_attn.v_proj",
        "out_features": 256,
        "rank": 128
      },
      {
        "in_features": 2048,
        "module": "base_model.model.model.layers.8.self_attn.q_proj",
        "out_features": 2048,
        "rank": 128
      },
      {
        "in_features": 2048,
        "module": "base_model.model.model.layers.8.self_attn.v_proj",
        "out_features": 256,
        "rank": 128
      },
      {
        "in_features": 2048,
        "module": "base_model.model.model.layers.9.self_attn.q_proj",
        "out_features": 2048,
        "rank": 128
      },
      {
        "in_features": 2048,
        "module": "base_model.model.model.layers.9.self_attn.v_proj",
        "out_features": 256,
        "rank": 128
      },
      {
        "in_features": 2048,
        "module": "base_model.model.model.layers.10.self_attn.q_proj",
        "out_features": 2048,
        "rank": 128
      },
      {
        "in_features": 2048,
        "module": "base_model.model.model.layers.10.self_attn.v_proj",
        "out_features": 256,
        "rank": 128
      },
      {
        "in_features": 2048,
        "module": "base_model.model.model.layers.11.self_attn.q_proj",
        "out_features": 2048,
        "rank": 128
      },
      {
        "in_features": 2048,
        "module": "base_model.model.model.layers.11.self_attn.v_proj",
        "out_features": 256,
        "rank": 128
      },
      {
        "in_features": 2048,
        "module": "base_model.model.model.layers.12.self_attn.q_proj",
        "out_features": 2048,
        "rank": 128
      },
      {
        "in_features": 2048,
        "module": "base_model.model.model.layers.12.self_attn.v_proj",
        "out_features": 256,
        "rank": 128
      },
      {
        "in_features": 2048,
        "module": "base_model.model.model.layers.13.self_attn.q_proj",
        "out_features": 2048,
        "rank": 128
      },
      {
        "in_features": 2048,
        "module": "base_model.model.model.layers.13.self_attn.v_proj",
        "out_features": 256,
        "rank": 128
      },
      {
        "in_features": 2048,
        "module": "base_model.model.model.layers.14.self_attn.q_proj",
        "out_features": 2048,
        "rank": 128
      },
      {
        "in_features": 2048,
        "module": "base_model.model.model.layers.14.self_attn.v_proj",
        "out_features": 256,
        "rank": 128
      },
      {
        "in_features": 2048,
        "module": "base_model.model.model.layers.15.self_attn.q_proj",
        "out_features": 2048,
        "rank": 128
      },
      {
        "in_features": 2048,
        "module": "base_model.model.model.layers.15.self_attn.v_proj",
        "out_features": 256,
        "rank": 128
      },
      {
        "in_features": 2048,
        "module": "base_model.model.model.layers.16.self_attn.q_proj",
        "out_features": 2048,
        "rank": 128
      },
      {
        "in_features": 2048,
        "module": "base_model.model.model.layers.16.self_attn.v_proj",
        "out_features": 256,
        "rank": 128
      },
      {
        "in_features": 2048,
        "module": "base_model.model.model.layers.17.self_attn.q_proj",
        "out_features": 2048,
        "rank": 128
      },
      {
        "in_features": 2048,
        "module": "base_model.model.model.layers.17.self_attn.v_proj",
        "out_features": 256,
        "rank": 128
      },
      {
        "in_features": 2048,
        "module": "base_model.model.model.layers.18.self_attn.q_proj",
        "out_features": 2048,
        "rank": 128
      },
      {
        "in_features": 2048,
        "module": "base_model.model.model.layers.18.self_attn.v_proj",
        "out_features": 256,
        "rank": 128
      },
      {
        "in_features": 2048,
        "module": "base_model.model.model.layers.19.self_attn.q_proj",
        "out_features": 2048,
        "rank": 128
      },
      {
        "in_features": 2048,
        "module": "base_model.model.model.layers.19.self_attn.v_proj",
        "out_features": 256,
        "rank": 128
      },
      {
        "in_features": 2048,
        "module": "base_model.model.model.layers.20.self_attn.q_proj",
        "out_features": 2048,
        "rank": 128
      },
      {
        "in_features": 2048,
        "module": "base_model.model.model.layers.20.self_attn.v_proj",
        "out_features": 256,
        "rank": 128
      },
      {
        "in_features": 2048,
        "module": "base_model.model.model.layers.21.self_attn.q_proj",
        "out_features": 2048,
        "rank": 128
      },
      {
        "in_features": 2048,
        "module": "base_model.model.model.layers.21.self_attn.v_proj",
        "out_features": 256,
        "rank": 128
      },
      {
        "in_features": 2048,
        "module": "base_model.model.model.layers.22.self_attn.q_proj",
        "out_features": 2048,
        "rank": 128
      },
      {
        "in_features": 2048,
        "module": "base_model.model.model.layers.22.self_attn.v_proj",
        "out_features": 256,
        "rank": 128
      },
      {
        "in_features": 2048,
        "module": "base_model.model.model.layers.23.self_attn.q_proj",
        "out_features": 2048,
        "rank": 128
      },
      {
        "in_features": 2048,
        "module": "base_model.model.model.layers.23.self_attn.v_proj",
        "out_features": 256,
        "rank": 128
      },
      {
        "in_features": 2048,
        "module": "base_model.model.model.layers.24.self_attn.q_proj",
        "out_features": 2048,
        "rank": 128
      },
      {
        "in_features": 2048,
        "module": "base_model.model.model.layers.24.self_attn.v_proj",
        "out_features": 256,
        "rank": 128
      },
      {
        "in_features": 2048,
        "module": "base_model.model.model.layers.25.self_attn.q_proj",
        "out_features": 2048,
        "rank": 128
      },
      {
        "in_features": 2048,
        "module": "base_model.model.model.layers.25.self_attn.v_proj",
        "out_features": 256,
        "rank": 128
      },
      {
        "in_features": 2048,
        "module": "base_model.model.model.layers.26.self_attn.q_proj",
        "out_features": 2048,
        "rank": 128
      },
      {
        "in_features": 2048,
        "module": "base_model.model.model.layers.26.self_attn.v_proj",
        "out_features": 256,
        "rank": 128
      },
      {
        "in_features": 2048,
        "module": "base_model.model.model.layers.27.self_attn.q_proj",
        "out_features": 2048,
        "rank": 128
      },
      {
        "in_features": 2048,
        "module": "base_model.model.model.layers.27.self_attn.v_proj",
        "out_features": 256,
        "rank": 128
      },
      {
        "in_features": 2048,
        "module": "base_model.model.model.layers.28.self_attn.q_proj",
        "out_features": 2048,
        "rank": 128
      },
      {
        "in_features": 2048,
        "module": "base_model.model.model.layers.28.self_attn.v_proj",
        "out_features": 256,
        "rank": 128
      },
      {
        "in_features": 2048,
        "module": "base_model.model.model.layers.29.self_attn.q_proj",
        "out_features": 2048,
        "rank": 128
      },
      {
        "in_features": 2048,
        "module": "base_model.model.model.layers.29.self_attn.v_proj",
        "out_features": 256,
        "rank": 128
      },
      {
        "in_features": 2048,
        "module": "base_model.model.model.layers.30.self_attn.q_proj",
        "out_features": 2048,
        "rank": 128
      },
      {
        "in_features": 2048,
        "module": "base_model.model.model.layers.30.self_attn.v_proj",
        "out_features": 256,
        "rank": 128
      },
      {
        "in_features": 2048,
        "module": "base_model.model.model.layers.31.self_attn.q_proj",
        "out_features": 2048,
        "rank": 128
      },
      {
        "in_features": 2048,
        "module": "base_model.model.model.layers.31.self_attn.v_proj",
        "out_features": 256,
        "rank": 128
      },
      {
        "in_features": 2048,
        "module": "base_model.model.model.layers.32.self_attn.q_proj",
        "out_features": 2048,
        "rank": 128
      },
      {
        "in_features": 2048,
        "module": "base_model.model.model.layers.32.self_attn.v_proj",
        "out_features": 256,
        "rank": 128
      },
      {
        "in_features": 2048,
        "module": "base_model.model.model.layers.33.self_attn.q_proj",
        "out_features": 2048,
        "rank": 128
      },
      {
        "in_features": 2048,
        "module": "base_model.model.model.layers.33.self_attn.v_proj",
        "out_features": 256,
        "rank": 128
      },
      {
        "in_features": 2048,
        "module": "base_model.model.model.layers.34.self_attn.q_proj",
        "out_features": 2048,
        "rank": 128
      },
      {
        "in_features": 2048,
        "module": "base_model.model.model.layers.34.self_attn.v_proj",
        "out_features": 256,
        "rank": 128
      },
      {
        "in_features": 2048,
        "module": "base_model.model.model.layers.35.self_attn.q_proj",
        "out_features": 2048,
        "rank": 128
      },
      {
        "in_features": 2048,
        "module": "base_model.model.model.layers.35.self_attn.v_proj",
        "out_features": 256,
        "rank": 128
      }
    ],
    "weight_mode": "score"
  },
  "aggregate_rank": 128,
  "base_rank": 32,
  "caps": [
    32,
    64,
    128
  ],
  "data": "data/countdown_generated_1200_seed20260507.json",
  "elapsed_s": 1883.323040008545,
  "holdout_prompts": 256,
  "include_screen": false,
  "kind": "cap_stability_audit",
  "prompt_variants": [
    "default",
    "reordered",
    "xml"
  ],
  "rows": [
    {
      "answer_closed_mean": 1.0,
      "candidate": "base",
      "candidate_kind": "base",
      "cap_hit_mean": 0.0,
      "elapsed_s": 15.903802633285522,
      "exact_mean": 0.08984375,
      "malformed_mean": 0.0,
      "max_new_tokens": 32,
      "mutation_s": 0.0027458667755126953,
      "output_token_mean": 29.39453125,
      "output_token_p95": 31.0,
      "output_tokens": 7525,
      "prompt_variant": "default",
      "split": "holdout"
    },
    {
      "answer_closed_mean": 0.99609375,
      "candidate": "factor_gaussian_lora:seed1838555499:s0.01:sign1",
      "candidate_kind": "elite_0",
      "cap_hit_mean": 0.0625,
      "elapsed_s": 15.817083835601807,
      "exact_mean": 0.10546875,
      "malformed_mean": 0.046875,
      "max_new_tokens": 32,
      "mutation_s": 0.0340726375579834,
      "output_token_mean": 31.0625,
      "output_token_p95": 32.0,
      "output_tokens": 7952,
      "prompt_variant": "default",
      "split": "holdout"
    },
    {
      "answer_closed_mean": 0.96875,
      "candidate": "factor_gaussian_lora:seed765487669:s0.01:sign1",
      "candidate_kind": "elite_1",
      "cap_hit_mean": 0.1328125,
      "elapsed_s": 16.07417607307434,
      "exact_mean": 0.0703125,
      "malformed_mean": 0.1484375,
      "max_new_tokens": 32,
      "mutation_s": 0.0336461067199707,
      "output_token_mean": 31.1328125,
      "output_token_p95": 32.0,
      "output_tokens": 7970,
      "prompt_variant": "default",
      "split": "holdout"
    },
    {
      "answer_closed_mean": 0.95703125,
      "candidate": "factor_gaussian_lora:seed239990546:s0.01:sign1",
      "candidate_kind": "elite_2",
      "cap_hit_mean": 0.19140625,
      "elapsed_s": 15.949338674545288,
      "exact_mean": 0.046875,
      "malformed_mean": 0.12890625,
      "max_new_tokens": 32,
      "mutation_s": 0.04697012901306152,
      "output_token_mean": 31.19140625,
      "output_token_p95": 32.0,
      "output_tokens": 7985,
      "prompt_variant": "default",
      "split": "holdout"
    },
    {
      "answer_closed_mean": 0.96484375,
      "candidate": "factor_gaussian_lora:seed1109140247:s0.01:sign1",
      "candidate_kind": "elite_3",
      "cap_hit_mean": 0.05078125,
      "elapsed_s": 13.787084341049194,
      "exact_mean": 0.0625,
      "malformed_mean": 0.1953125,
      "max_new_tokens": 32,
      "mutation_s": 0.03434109687805176,
      "output_token_mean": 25.7421875,
      "output_token_p95": 31.25,
      "output_tokens": 6590,
      "prompt_variant": "default",
      "split": "holdout"
    },
    {
      "answer_closed_mean": 1.0,
      "candidate": "base",
      "candidate_kind": "base",
      "cap_hit_mean": 0.0,
      "elapsed_s": 15.9030442237854,
      "exact_mean": 0.05859375,
      "malformed_mean": 0.0,
      "max_new_tokens": 32,
      "mutation_s": 0.0029442310333251953,
      "output_token_mean": 31.0,
      "output_token_p95": 31.0,
      "output_tokens": 7936,
      "prompt_variant": "reordered",
      "split": "holdout"
    },
    {
      "answer_closed_mean": 0.98046875,
      "candidate": "factor_gaussian_lora:seed1838555499:s0.01:sign1",
      "candidate_kind": "elite_0",
      "cap_hit_mean": 0.046875,
      "elapsed_s": 15.857006311416626,
      "exact_mean": 0.0703125,
      "malformed_mean": 0.32421875,
      "max_new_tokens": 32,
      "mutation_s": 0.03379344940185547,
      "output_token_mean": 31.046875,
      "output_token_p95": 31.0,
      "output_tokens": 7948,
      "prompt_variant": "reordered",
      "split": "holdout"
    },
    {
      "answer_closed_mean": 0.7109375,
      "candidate": "factor_gaussian_lora:seed765487669:s0.01:sign1",
      "candidate_kind": "elite_1",
      "cap_hit_mean": 0.48828125,
      "elapsed_s": 15.813241243362427,
      "exact_mean": 0.0,
      "malformed_mean": 0.99609375,
      "max_new_tokens": 32,
      "mutation_s": 0.03357529640197754,
      "output_token_mean": 31.48828125,
      "output_token_p95": 32.0,
      "output_tokens": 8061,
      "prompt_variant": "reordered",
      "split": "holdout"
    },
    {
      "answer_closed_mean": 0.9140625,
      "candidate": "factor_gaussian_lora:seed239990546:s0.01:sign1",
      "candidate_kind": "elite_2",
      "cap_hit_mean": 0.171875,
      "elapsed_s": 15.926723957061768,
      "exact_mean": 0.04296875,
      "malformed_mean": 0.24609375,
      "max_new_tokens": 32,
      "mutation_s": 0.0336606502532959,
      "output_token_mean": 31.171875,
      "output_token_p95": 32.0,
      "output_tokens": 7980,
      "prompt_variant": "reordered",
      "split": "holdout"
    },
    {
      "answer_closed_mean": 0.1328125,
      "candidate": "factor_gaussian_lora:seed1109140247:s0.01:sign1",
      "candidate_kind": "elite_3",
      "cap_hit_mean": 0.66796875,
      "elapsed_s": 15.812718629837036,
      "exact_mean": 0.0,
      "malformed_mean": 0.953125,
      "max_new_tokens": 32,
      "mutation_s": 0.033228158950805664,
      "output_token_mean": 31.64453125,
      "output_token_p95": 32.0,
      "output_tokens": 8101,
      "prompt_variant": "reordered",
      "split": "holdout"
    },
    {
      "answer_closed_mean": 1.0,
      "candidate": "base",
      "candidate_kind": "base",
      "cap_hit_mean": 0.01171875,
      "elapsed_s": 13.227254867553711,
      "exact_mean": 0.0546875,
      "malformed_mean": 0.26953125,
      "max_new_tokens": 32,
      "mutation_s": 0.0028917789459228516,
      "output_token_mean": 24.90234375,
      "output_token_p95": 31.0,
      "output_tokens": 6375,
      "prompt_variant": "xml",
      "split": "holdout"
    },
    {
      "answer_closed_mean": 0.9453125,
      "candidate": "factor_gaussian_lora:seed1838555499:s0.01:sign1",
      "candidate_kind": "elite_0",
      "cap_hit_mean": 0.875,
      "elapsed_s": 15.924872636795044,
      "exact_mean": 0.0625,
      "malformed_mean": 0.16796875,
      "max_new_tokens": 32,
      "mutation_s": 0.03422689437866211,
      "output_token_mean": 31.875,
      "output_token_p95": 32.0,
      "output_tokens": 8160,
      "prompt_variant": "xml",
      "split": "holdout"
    },
    {
      "answer_closed_mean": 0.984375,
      "candidate": "factor_gaussian_lora:seed765487669:s0.01:sign1",
      "candidate_kind": "elite_1",
      "cap_hit_mean": 0.62109375,
      "elapsed_s": 15.950803995132446,
      "exact_mean": 0.0546875,
      "malformed_mean": 0.0625,
      "max_new_tokens": 32,
      "mutation_s": 0.04644322395324707,
      "output_token_mean": 31.62109375,
      "output_token_p95": 32.0,
      "output_tokens": 8095,
      "prompt_variant": "xml",
      "split": "holdout"
    },
    {
      "answer_closed_mean": 0.99609375,
      "candidate": "factor_gaussian_lora:seed239990546:s0.01:sign1",
      "candidate_kind": "elite_2",
      "cap_hit_mean": 0.24609375,
      "elapsed_s": 14.553265810012817,
      "exact_mean": 0.015625,
      "malformed_mean": 0.47265625,
      "max_new_tokens": 32,
      "mutation_s": 0.04686784744262695,
      "output_token_mean": 28.3515625,
      "output_token_p95": 32.0,
      "output_tokens": 7258,
      "prompt_variant": "xml",
      "split": "holdout"
    },
    {
      "answer_closed_mean": 0.90234375,
      "candidate": "factor_gaussian_lora:seed1109140247:s0.01:sign1",
      "candidate_kind": "elite_3",
      "cap_hit_mean": 0.29296875,
      "elapsed_s": 15.851370096206665,
      "exact_mean": 0.0,
      "malformed_mean": 0.984375,
      "max_new_tokens": 32,
      "mutation_s": 0.033522605895996094,
      "output_token_mean": 31.29296875,
      "output_token_p95": 32.0,
      "output_tokens": 8011,
      "prompt_variant": "xml",
      "split": "holdout"
    },
    {
      "answer_closed_mean": 1.0,
      "candidate": "base",
      "candidate_kind": "base",
      "cap_hit_mean": 0.0,
      "elapsed_s": 30.500157117843628,
      "exact_mean": 0.08984375,
      "malformed_mean": 0.0,
      "max_new_tokens": 64,
      "mutation_s": 0.0029153823852539062,
      "output_token_mean": 57.39453125,
      "output_token_p95": 63.0,
      "output_tokens": 14693,
      "prompt_variant": "default",
      "split": "holdout"
    },
    {
      "answer_closed_mean": 1.0,
      "candidate": "factor_gaussian_lora:seed1838555499:s0.01:sign1",
      "candidate_kind": "elite_0",
      "cap_hit_mean": 0.0625,
      "elapsed_s": 31.74784827232361,
      "exact_mean": 0.10546875,
      "malformed_mean": 0.046875,
      "max_new_tokens": 64,
      "mutation_s": 0.033989667892456055,
      "output_token_mean": 63.0625,
      "output_token_p95": 64.0,
      "output_tokens": 16144,
      "prompt_variant": "default",
      "split": "holdout"
    },
    {
      "answer_closed_mean": 0.97265625,
      "candidate": "factor_gaussian_lora:seed765487669:s0.01:sign1",
      "candidate_kind": "elite_1",
      "cap_hit_mean": 0.10546875,
      "elapsed_s": 32.6187047958374,
      "exact_mean": 0.0703125,
      "malformed_mean": 0.1484375,
      "max_new_tokens": 64,
      "mutation_s": 0.034139156341552734,
      "output_token_mean": 63.10546875,
      "output_token_p95": 64.0,
      "output_tokens": 16155,
      "prompt_variant": "default",
      "split": "holdout"
    },
    {
      "answer_closed_mean": 0.96484375,
      "candidate": "factor_gaussian_lora:seed239990546:s0.01:sign1",
      "candidate_kind": "elite_2",
      "cap_hit_mean": 0.171875,
      "elapsed_s": 32.20823550224304,
      "exact_mean": 0.046875,
      "malformed_mean": 0.12890625,
      "max_new_tokens": 64,
      "mutation_s": 0.033593177795410156,
      "output_token_mean": 63.171875,
      "output_token_p95": 64.0,
      "output_tokens": 16172,
      "prompt_variant": "default",
      "split": "holdout"
    },
    {
      "answer_closed_mean": 0.9921875,
      "candidate": "factor_gaussian_lora:seed1109140247:s0.01:sign1",
      "candidate_kind": "elite_3",
      "cap_hit_mean": 0.015625,
      "elapsed_s": 20.914058446884155,
      "exact_mean": 0.0625,
      "malformed_mean": 0.1953125,
      "max_new_tokens": 64,
      "mutation_s": 0.03394675254821777,
      "output_token_mean": 39.16015625,
      "output_token_p95": 63.0,
      "output_tokens": 10025,
      "prompt_variant": "default",
      "split": "holdout"
    },
    {
      "answer_closed_mean": 1.0,
      "candidate": "base",
      "candidate_kind": "base",
      "cap_hit_mean": 0.0,
      "elapsed_s": 31.705433130264282,
      "exact_mean": 0.05859375,
      "malformed_mean": 0.0,
      "max_new_tokens": 64,
      "mutation_s": 0.002947568893432617,
      "output_token_mean": 63.0,
      "output_token_p95": 63.0,
      "output_tokens": 16128,
      "prompt_variant": "reordered",
      "split": "holdout"
    },
    {
      "answer_closed_mean": 0.98828125,
      "candidate": "factor_gaussian_lora:seed1838555499:s0.01:sign1",
      "candidate_kind": "elite_0",
      "cap_hit_mean": 0.03515625,
      "elapsed_s": 31.556354522705078,
      "exact_mean": 0.0703125,
      "malformed_mean": 0.32421875,
      "max_new_tokens": 64,
      "mutation_s": 0.033449411392211914,
      "output_token_mean": 63.015625,
      "output_token_p95": 63.0,
      "output_tokens": 16132,
      "prompt_variant": "reordered",
      "split": "holdout"
    },
    {
      "answer_closed_mean": 0.90625,
      "candidate": "factor_gaussian_lora:seed765487669:s0.01:sign1",
      "candidate_kind": "elite_1",
      "cap_hit_mean": 0.28515625,
      "elapsed_s": 32.65174841880798,
      "exact_mean": 0.0,
      "malformed_mean": 0.99609375,
      "max_new_tokens": 64,
      "mutation_s": 0.03418278694152832,
      "output_token_mean": 63.28515625,
      "output_token_p95": 64.0,
      "output_tokens": 16201,
      "prompt_variant": "reordered",
      "split": "holdout"
    },
    {
      "answer_closed_mean": 0.94140625,
      "candidate": "factor_gaussian_lora:seed239990546:s0.01:sign1",
      "candidate_kind": "elite_2",
      "cap_hit_mean": 0.140625,
      "elapsed_s": 32.010510206222534,
      "exact_mean": 0.04296875,
      "malformed_mean": 0.24609375,
      "max_new_tokens": 64,
      "mutation_s": 0.03358721733093262,
      "output_token_mean": 63.140625,
      "output_token_p95": 64.0,
      "output_tokens": 16164,
      "prompt_variant": "reordered",
      "split": "holdout"
    },
    {
      "answer_closed_mean": 0.25,
      "candidate": "factor_gaussian_lora:seed1109140247:s0.01:sign1",
      "candidate_kind": "elite_3",
      "cap_hit_mean": 0.5390625,
      "elapsed_s": 31.64294719696045,
      "exact_mean": 0.0,
      "malformed_mean": 0.953125,
      "max_new_tokens": 64,
      "mutation_s": 0.03357648849487305,
      "output_token_mean": 63.484375,
      "output_token_p95": 64.0,
      "output_tokens": 16252,
      "prompt_variant": "reordered",
      "split": "holdout"
    },
    {
      "answer_closed_mean": 1.0,
      "candidate": "base",
      "candidate_kind": "base",
      "cap_hit_mean": 0.0078125,
      "elapsed_s": 19.66194200515747,
      "exact_mean": 0.0546875,
      "malformed_mean": 0.26953125,
      "max_new_tokens": 64,
      "mutation_s": 0.002922534942626953,
      "output_token_mean": 36.8984375,
      "output_token_p95": 63.0,
      "output_tokens": 9446,
      "prompt_variant": "xml",
      "split": "holdout"
    },
    {
      "answer_closed_mean": 0.9609375,
      "candidate": "factor_gaussian_lora:seed1838555499:s0.01:sign1",
      "candidate_kind": "elite_0",
      "cap_hit_mean": 0.86328125,
      "elapsed_s": 31.54865050315857,
      "exact_mean": 0.0625,
      "malformed_mean": 0.15625,
      "max_new_tokens": 64,
      "mutation_s": 0.04721784591674805,
      "output_token_mean": 63.86328125,
      "output_token_p95": 64.0,
      "output_tokens": 16349,
      "prompt_variant": "xml",
      "split": "holdout"
    },
    {
      "answer_closed_mean": 0.9921875,
      "candidate": "factor_gaussian_lora:seed765487669:s0.01:sign1",
      "candidate_kind": "elite_1",
      "cap_hit_mean": 0.58984375,
      "elapsed_s": 31.881159782409668,
      "exact_mean": 0.0546875,
      "malformed_mean": 0.05859375,
      "max_new_tokens": 64,
      "mutation_s": 0.03420281410217285,
      "output_token_mean": 63.58984375,
      "output_token_p95": 64.0,
      "output_tokens": 16279,
      "prompt_variant": "xml",
      "split": "holdout"
    },
    {
      "answer_closed_mean": 1.0,
      "candidate": "factor_gaussian_lora:seed239990546:s0.01:sign1",
      "candidate_kind": "elite_2",
      "cap_hit_mean": 0.015625,
      "elapsed_s": 15.826338529586792,
      "exact_mean": 0.015625,
      "malformed_mean": 0.46875,
      "max_new_tokens": 64,
      "mutation_s": 0.03473186492919922,
      "output_token_mean": 30.77734375,
      "output_token_p95": 63.0,
      "output_tokens": 7879,
      "prompt_variant": "xml",
      "split": "holdout"
    },
    {
      "answer_closed_mean": 0.9375,
      "candidate": "factor_gaussian_lora:seed1109140247:s0.01:sign1",
      "candidate_kind": "elite_3",
      "cap_hit_mean": 0.26953125,
      "elapsed_s": 31.29181218147278,
      "exact_mean": 0.0,
      "malformed_mean": 0.984375,
      "max_new_tokens": 64,
      "mutation_s": 0.033181190490722656,
      "output_token_mean": 63.26953125,
      "output_token_p95": 64.0,
      "output_tokens": 16197,
      "prompt_variant": "xml",
      "split": "holdout"
    },
    {
      "answer_closed_mean": 1.0,
      "candidate": "base",
      "candidate_kind": "base",
      "cap_hit_mean": 0.0,
      "elapsed_s": 61.958184242248535,
      "exact_mean": 0.08984375,
      "malformed_mean": 0.0,
      "max_new_tokens": 128,
      "mutation_s": 0.002922534942626953,
      "output_token_mean": 113.39453125,
      "output_token_p95": 127.0,
      "output_tokens": 29029,
      "prompt_variant": "default",
      "split": "holdout"
    },
    {
      "answer_closed_mean": 1.0,
      "candidate": "factor_gaussian_lora:seed1838555499:s0.01:sign1",
      "candidate_kind": "elite_0",
      "cap_hit_mean": 0.0546875,
      "elapsed_s": 64.36851763725281,
      "exact_mean": 0.10546875,
      "malformed_mean": 0.046875,
      "max_new_tokens": 128,
      "mutation_s": 0.03361225128173828,
      "output_token_mean": 127.03515625,
      "output_token_p95": 128.0,
      "output_tokens": 32521,
      "prompt_variant": "default",
      "split": "holdout"
    },
    {
      "answer_closed_mean": 0.9765625,
      "candidate": "factor_gaussian_lora:seed765487669:s0.01:sign1",
      "candidate_kind": "elite_1",
      "cap_hit_mean": 0.09375,
      "elapsed_s": 66.90160298347473,
      "exact_mean": 0.0703125,
      "malformed_mean": 0.1484375,
      "max_new_tokens": 128,
      "mutation_s": 0.03338170051574707,
      "output_token_mean": 127.0859375,
      "output_token_p95": 128.0,
      "output_tokens": 32534,
      "prompt_variant": "default",
      "split": "holdout"
    },
    {
      "answer_closed_mean": 0.97265625,
      "candidate": "factor_gaussian_lora:seed239990546:s0.01:sign1",
      "candidate_kind": "elite_2",
      "cap_hit_mean": 0.12109375,
      "elapsed_s": 66.59779763221741,
      "exact_mean": 0.046875,
      "malformed_mean": 0.12890625,
      "max_new_tokens": 128,
      "mutation_s": 0.033727407455444336,
      "output_token_mean": 127.12109375,
      "output_token_p95": 128.0,
      "output_tokens": 32543,
      "prompt_variant": "default",
      "split": "holdout"
    },
    {
      "answer_closed_mean": 0.9921875,
      "candidate": "factor_gaussian_lora:seed1109140247:s0.01:sign1",
      "candidate_kind": "elite_3",
      "cap_hit_mean": 0.015625,
      "elapsed_s": 32.346577882766724,
      "exact_mean": 0.0625,
      "malformed_mean": 0.1953125,
      "max_new_tokens": 128,
      "mutation_s": 0.0409703254699707,
      "output_token_mean": 59.15625,
      "output_token_p95": 127.0,
      "output_tokens": 15144,
      "prompt_variant": "default",
      "split": "holdout"
    },
    {
      "answer_closed_mean": 1.0,
      "candidate": "base",
      "candidate_kind": "base",
      "cap_hit_mean": 0.0,
      "elapsed_s": 64.49997639656067,
      "exact_mean": 0.05859375,
      "malformed_mean": 0.0,
      "max_new_tokens": 128,
      "mutation_s": 0.0029802322387695312,
      "output_token_mean": 127.0,
      "output_token_p95": 127.0,
      "output_tokens": 32512,
      "prompt_variant": "reordered",
      "split": "holdout"
    },
    {
      "answer_closed_mean": 0.9921875,
      "candidate": "factor_gaussian_lora:seed1838555499:s0.01:sign1",
      "candidate_kind": "elite_0",
      "cap_hit_mean": 0.03515625,
      "elapsed_s": 64.2144865989685,
      "exact_mean": 0.0703125,
      "malformed_mean": 0.32421875,
      "max_new_tokens": 128,
      "mutation_s": 0.05727696418762207,
      "output_token_mean": 126.96875,
      "output_token_p95": 127.0,
      "output_tokens": 32504,
      "prompt_variant": "reordered",
      "split": "holdout"
    },
    {
      "answer_closed_mean": 0.9296875,
      "candidate": "factor_gaussian_lora:seed765487669:s0.01:sign1",
      "candidate_kind": "elite_1",
      "cap_hit_mean": 0.23828125,
      "elapsed_s": 68.58840847015381,
      "exact_mean": 0.0,
      "malformed_mean": 0.99609375,
      "max_new_tokens": 128,
      "mutation_s": 0.033829450607299805,
      "output_token_mean": 127.23046875,
      "output_token_p95": 128.0,
      "output_tokens": 32571,
      "prompt_variant": "reordered",
      "split": "holdout"
    },
    {
      "answer_closed_mean": 0.9609375,
      "candidate": "factor_gaussian_lora:seed239990546:s0.01:sign1",
      "candidate_kind": "elite_2",
      "cap_hit_mean": 0.125,
      "elapsed_s": 65.84891724586487,
      "exact_mean": 0.04296875,
      "malformed_mean": 0.24609375,
      "max_new_tokens": 128,
      "mutation_s": 0.03350090980529785,
      "output_token_mean": 127.11328125,
      "output_token_p95": 128.0,
      "output_tokens": 32541,
      "prompt_variant": "reordered",
      "split": "holdout"
    },
    {
      "answer_closed_mean": 0.38671875,
      "candidate": "factor_gaussian_lora:seed1109140247:s0.01:sign1",
      "candidate_kind": "elite_3",
      "cap_hit_mean": 0.5,
      "elapsed_s": 64.77360391616821,
      "exact_mean": 0.0,
      "malformed_mean": 0.953125,
      "max_new_tokens": 128,
      "mutation_s": 0.03370165824890137,
      "output_token_mean": 127.42578125,
      "output_token_p95": 128.0,
      "output_tokens": 32621,
      "prompt_variant": "reordered",
      "split": "holdout"
    },
    {
      "answer_closed_mean": 1.0,
      "candidate": "base",
      "candidate_kind": "base",
      "cap_hit_mean": 0.0078125,
      "elapsed_s": 32.90877413749695,
      "exact_mean": 0.0546875,
      "malformed_mean": 0.26953125,
      "max_new_tokens": 128,
      "mutation_s": 0.0029463768005371094,
      "output_token_mean": 60.8984375,
      "output_token_p95": 127.0,
      "output_tokens": 15590,
      "prompt_variant": "xml",
      "split": "holdout"
    },
    {
      "answer_closed_mean": 0.9609375,
      "candidate": "factor_gaussian_lora:seed1838555499:s0.01:sign1",
      "candidate_kind": "elite_0",
      "cap_hit_mean": 0.82421875,
      "elapsed_s": 64.85832738876343,
      "exact_mean": 0.0625,
      "malformed_mean": 0.15625,
      "max_new_tokens": 128,
      "mutation_s": 0.03375959396362305,
      "output_token_mean": 127.82421875,
      "output_token_p95": 128.0,
      "output_tokens": 32723,
      "prompt_variant": "xml",
      "split": "holdout"
    },
    {
      "answer_closed_mean": 0.9921875,
      "candidate": "factor_gaussian_lora:seed765487669:s0.01:sign1",
      "candidate_kind": "elite_1",
      "cap_hit_mean": 0.53515625,
      "elapsed_s": 64.77450108528137,
      "exact_mean": 0.0546875,
      "malformed_mean": 0.05859375,
      "max_new_tokens": 128,
      "mutation_s": 0.040907859802246094,
      "output_token_mean": 127.5234375,
      "output_token_p95": 128.0,
      "output_tokens": 32646,
      "prompt_variant": "xml",
      "split": "holdout"
    },
    {
      "answer_closed_mean": 1.0,
      "candidate": "factor_gaussian_lora:seed239990546:s0.01:sign1",
      "candidate_kind": "elite_2",
      "cap_hit_mean": 0.015625,
      "elapsed_s": 17.78024673461914,
      "exact_mean": 0.015625,
      "malformed_mean": 0.46875,
      "max_new_tokens": 128,
      "mutation_s": 0.0335850715637207,
      "output_token_mean": 34.77734375,
      "output_token_p95": 127.0,
      "output_tokens": 8903,
      "prompt_variant": "xml",
      "split": "holdout"
    },
    {
      "answer_closed_mean": 0.9375,
      "candidate": "factor_gaussian_lora:seed1109140247:s0.01:sign1",
      "candidate_kind": "elite_3",
      "cap_hit_mean": 0.25390625,
      "elapsed_s": 64.33132290840149,
      "exact_mean": 0.0,
      "malformed_mean": 0.984375,
      "max_new_tokens": 128,
      "mutation_s": 0.033353567123413086,
      "output_token_mean": 127.25390625,
      "output_token_p95": 128.0,
      "output_tokens": 32577,
      "prompt_variant": "xml",
      "split": "holdout"
    },
    {
      "answer_closed_mean": 1.0,
      "candidate": "elite_aggregate_lora:seed20260507:s1:sign1",
      "candidate_kind": "aggregate",
      "cap_hit_mean": 0.2578125,
      "elapsed_s": 16.182178497314453,
      "exact_mean": 0.140625,
      "malformed_mean": 0.01953125,
      "max_new_tokens": 32,
      "mutation_s": 0.021663427352905273,
      "output_token_mean": 31.2578125,
      "output_token_p95": 32.0,
      "output_tokens": 8002,
      "prompt_variant": "default",
      "split": "holdout"
    },
    {
      "answer_closed_mean": 0.59765625,
      "candidate": "elite_aggregate_lora:seed20260507:s1:sign1",
      "candidate_kind": "aggregate",
      "cap_hit_mean": 0.8203125,
      "elapsed_s": 16.273496866226196,
      "exact_mean": 0.00390625,
      "malformed_mean": 0.98046875,
      "max_new_tokens": 32,
      "mutation_s": 0.021920442581176758,
      "output_token_mean": 31.8203125,
      "output_token_p95": 32.0,
      "output_tokens": 8146,
      "prompt_variant": "reordered",
      "split": "holdout"
    },
    {
      "answer_closed_mean": 0.95703125,
      "candidate": "elite_aggregate_lora:seed20260507:s1:sign1",
      "candidate_kind": "aggregate",
      "cap_hit_mean": 0.85546875,
      "elapsed_s": 16.271865606307983,
      "exact_mean": 0.0625,
      "malformed_mean": 0.2109375,
      "max_new_tokens": 32,
      "mutation_s": 0.021369218826293945,
      "output_token_mean": 31.85546875,
      "output_token_p95": 32.0,
      "output_tokens": 8155,
      "prompt_variant": "xml",
      "split": "holdout"
    },
    {
      "answer_closed_mean": 1.0,
      "candidate": "elite_aggregate_lora:seed20260507:s1:sign1",
      "candidate_kind": "aggregate",
      "cap_hit_mean": 0.2578125,
      "elapsed_s": 31.932089805603027,
      "exact_mean": 0.140625,
      "malformed_mean": 0.01953125,
      "max_new_tokens": 64,
      "mutation_s": 0.045111894607543945,
      "output_token_mean": 63.2578125,
      "output_token_p95": 64.0,
      "output_tokens": 16194,
      "prompt_variant": "default",
      "split": "holdout"
    },
    {
      "answer_closed_mean": 0.83203125,
      "candidate": "elite_aggregate_lora:seed20260507:s1:sign1",
      "candidate_kind": "aggregate",
      "cap_hit_mean": 0.61328125,
      "elapsed_s": 32.71869373321533,
      "exact_mean": 0.00390625,
      "malformed_mean": 0.98046875,
      "max_new_tokens": 64,
      "mutation_s": 0.021519899368286133,
      "output_token_mean": 63.61328125,
      "output_token_p95": 64.0,
      "output_tokens": 16285,
      "prompt_variant": "reordered",
      "split": "holdout"
    },
    {
      "answer_closed_mean": 0.98046875,
      "candidate": "elite_aggregate_lora:seed20260507:s1:sign1",
      "candidate_kind": "aggregate",
      "cap_hit_mean": 0.8203125,
      "elapsed_s": 32.47167086601257,
      "exact_mean": 0.0625,
      "malformed_mean": 0.203125,
      "max_new_tokens": 64,
      "mutation_s": 0.0216677188873291,
      "output_token_mean": 63.8203125,
      "output_token_p95": 64.0,
      "output_tokens": 16338,
      "prompt_variant": "xml",
      "split": "holdout"
    },
    {
      "answer_closed_mean": 1.0,
      "candidate": "elite_aggregate_lora:seed20260507:s1:sign1",
      "candidate_kind": "aggregate",
      "cap_hit_mean": 0.25390625,
      "elapsed_s": 65.52396607398987,
      "exact_mean": 0.140625,
      "malformed_mean": 0.01953125,
      "max_new_tokens": 128,
      "mutation_s": 0.045187950134277344,
      "output_token_mean": 127.234375,
      "output_token_p95": 128.0,
      "output_tokens": 32572,
      "prompt_variant": "default",
      "split": "holdout"
    },
    {
      "answer_closed_mean": 0.84375,
      "candidate": "elite_aggregate_lora:seed20260507:s1:sign1",
      "candidate_kind": "aggregate",
      "cap_hit_mean": 0.53125,
      "elapsed_s": 67.6135823726654,
      "exact_mean": 0.00390625,
      "malformed_mean": 0.98046875,
      "max_new_tokens": 128,
      "mutation_s": 0.04521608352661133,
      "output_token_mean": 127.47265625,
      "output_token_p95": 128.0,
      "output_tokens": 32633,
      "prompt_variant": "reordered",
      "split": "holdout"
    },
    {
      "answer_closed_mean": 0.98046875,
      "candidate": "elite_aggregate_lora:seed20260507:s1:sign1",
      "candidate_kind": "aggregate",
      "cap_hit_mean": 0.76953125,
      "elapsed_s": 65.62561535835266,
      "exact_mean": 0.0625,
      "malformed_mean": 0.203125,
      "max_new_tokens": 128,
      "mutation_s": 0.04526257514953613,
      "output_token_mean": 127.765625,
      "output_token_p95": 128.0,
      "output_tokens": 32708,
      "prompt_variant": "xml",
      "split": "holdout"
    }
  ],
  "screen_holdout_overlap": 0,
  "screen_prompts": 64,
  "source_run": "results/gaussian_parity_rank_sweep_factor_only/rank32/lora",
  "top_k": 4,
  "weight_mode": "score"
}
